<?xml version="1.0" encoding="UTF-8"?>
<!-- Generated by org.testng.reporters.JUnitXMLReporter -->
<testsuite ignored="0" hostname="LAPTOP-AGIT55IM" failures="0" tests="4" name="Default test" time="18.273" errors="0" timestamp="2024-10-12T01:41:27 EEST">
  <testcase classname="com.demoblaze.test.DemoBlaze_TestRunner" name="navigateToHomePage" time="0.036"/>
  <testcase classname="com.demoblaze.test.DemoBlaze_TestRunner" name="user_Login" time="4.463"/>
  <testcase classname="com.demoblaze.test.DemoBlaze_TestRunner" name="addProductToCart" time="4.555"/>
  <testcase classname="com.demoblaze.test.DemoBlaze_TestRunner" name="placeOrder" time="5.581"/>
</testsuite> <!-- Default test -->
