<?xml version="1.0" encoding="UTF-8"?>
<testng-results ignored="0" total="4" passed="4" failed="0" skipped="0">
  <reporter-output>
  </reporter-output>
  <suite started-at="2024-10-12T01:41:09 EEST" name="Default suite" finished-at="2024-10-12T01:41:27 EEST" duration-ms="18273">
    <groups>
    </groups>
    <test started-at="2024-10-12T01:41:09 EEST" name="Default test" finished-at="2024-10-12T01:41:27 EEST" duration-ms="18273">
      <class name="com.demoblaze.test.DemoBlaze_TestRunner">
        <test-method is-config="true" signature="beforeClass()[pri:0, instance:com.demoblaze.test.DemoBlaze_TestRunner@291ae]" started-at="2024-10-12T01:41:09 EEST" name="beforeClass" finished-at="2024-10-12T01:41:12 EEST" duration-ms="3371" status="PASS">
          <reporter-output>
          </reporter-output>
        </test-method> <!-- beforeClass -->
        <test-method signature="navigateToHomePage()[pri:1, instance:com.demoblaze.test.DemoBlaze_TestRunner@291ae]" started-at="2024-10-12T01:41:12 EEST" name="navigateToHomePage" finished-at="2024-10-12T01:41:12 EEST" duration-ms="36" status="PASS">
          <reporter-output>
          </reporter-output>
        </test-method> <!-- navigateToHomePage -->
        <test-method signature="user_Login()[pri:3, instance:com.demoblaze.test.DemoBlaze_TestRunner@291ae]" started-at="2024-10-12T01:41:12 EEST" name="user_Login" finished-at="2024-10-12T01:41:16 EEST" duration-ms="4463" status="PASS">
          <reporter-output>
          </reporter-output>
        </test-method> <!-- user_Login -->
        <test-method signature="addProductToCart()[pri:4, instance:com.demoblaze.test.DemoBlaze_TestRunner@291ae]" started-at="2024-10-12T01:41:16 EEST" name="addProductToCart" finished-at="2024-10-12T01:41:21 EEST" duration-ms="4555" status="PASS">
          <reporter-output>
          </reporter-output>
        </test-method> <!-- addProductToCart -->
        <test-method signature="placeOrder()[pri:5, instance:com.demoblaze.test.DemoBlaze_TestRunner@291ae]" started-at="2024-10-12T01:41:21 EEST" name="placeOrder" finished-at="2024-10-12T01:41:27 EEST" duration-ms="5581" status="PASS">
          <reporter-output>
          </reporter-output>
        </test-method> <!-- placeOrder -->
        <test-method is-config="true" signature="afterClass()[pri:0, instance:com.demoblaze.test.DemoBlaze_TestRunner@291ae]" started-at="2024-10-12T01:41:27 EEST" name="afterClass" finished-at="2024-10-12T01:41:27 EEST" duration-ms="221" status="PASS">
          <reporter-output>
          </reporter-output>
        </test-method> <!-- afterClass -->
      </class> <!-- com.demoblaze.test.DemoBlaze_TestRunner -->
    </test> <!-- Default test -->
  </suite> <!-- Default suite -->
</testng-results>
